<?xml version="1.0" encoding="UTF-8"?>
<testng-results ignored="0" total="2" passed="2" failed="0" skipped="0">
	<reporter-output>
	</reporter-output>
	<suite started-at="2023-10-25T19:37:21 IST" name="Default suite"
		finished-at="2023-10-25T19:37:21 IST" duration-ms="89">
		<groups>
		</groups>
		<test started-at="2023-10-25T19:37:21 IST" name="Default test"
			finished-at="2023-10-25T19:37:21 IST" duration-ms="89">
			<class name="app.AppTest">
				<test-method
					signature="testlogin1()[pri:0, instance:app.AppTest@3427b02d]"
					started-at="2023-10-25T19:37:21 IST" name="testlogin1"
					finished-at="2023-10-25T19:37:21 IST" duration-ms="21"
					status="PASS">
					<reporter-output>
					</reporter-output>
				</test-method> <!--
				testlogin1 -->
				<test-method
					signature="testlogin2()[pri:0, instance:app.AppTest@3427b02d]"
					started-at="2023-10-25T19:37:21 IST" name="testlogin2"
					finished-at="2023-10-25T19:37:21 IST" duration-ms="2"
					status="PASS">
					<reporter-output>
					</reporter-output>
				</test-method> <!--
				testlogin2 -->
			</class> <!--
			app.AppTest -->
		</test> <!--
		Default test -->
	</suite> <!--
	Default suite -->
</testng-results>
