<?xml version="1.0" encoding="UTF-8"?>
<testng-results ignored="0" total="2" passed="2" failed="0" skipped="0">
  <reporter-output>
  </reporter-output>
  <suite started-at="2023-10-25T20:52:59 IST" name="Surefire suite" finished-at="2023-10-25T20:52:59 IST" duration-ms="96">
    <groups>
    </groups>
    <test started-at="2023-10-25T20:52:59 IST" name="Surefire test" finished-at="2023-10-25T20:52:59 IST" duration-ms="96">
      <class name="app.AppTest">
        <test-method signature="testlogin1()[pri:0, instance:app.AppTest@2c34f934]" started-at="2023-10-25T20:52:59 IST" name="testlogin1" finished-at="2023-10-25T20:52:59 IST" duration-ms="47" status="PASS">
          <reporter-output>
          </reporter-output>
        </test-method> <!-- testlogin1 -->
        <test-method signature="testlogin2()[pri:0, instance:app.AppTest@2c34f934]" started-at="2023-10-25T20:52:59 IST" name="testlogin2" finished-at="2023-10-25T20:52:59 IST" duration-ms="1" status="PASS">
          <reporter-output>
          </reporter-output>
        </test-method> <!-- testlogin2 -->
      </class> <!-- app.AppTest -->
    </test> <!-- Surefire test -->
  </suite> <!-- Surefire suite -->
</testng-results>
